\BOOKMARK [0][-]{chapter.1}{Introduction}{}% 1
\BOOKMARK [1][-]{section.1.1}{History of the \(1405\)}{chapter.1}% 2
\BOOKMARK [1][-]{section.1.2}{\(1405\) and the N interaction}{chapter.1}% 3
\BOOKMARK [1][-]{section.1.3}{J-PARC E31 experiment}{chapter.1}% 4
\BOOKMARK [0][-]{chapter.2}{Experimental setup}{}% 5
\BOOKMARK [0][-]{chapter.3}{Analysis}{}% 6
\BOOKMARK [0][-]{chapter.4}{Discussion}{}% 7
\BOOKMARK [1][-]{section.4.1}{Template fitting of K- d n + - n events}{chapter.4}% 8
\BOOKMARK [2][-]{subsection.4.1.1}{Generated data by Monte Calro simulation}{section.4.1}% 9
\BOOKMARK [2][-]{subsection.4.1.2}{Procedure of template fitting}{section.4.1}% 10
\BOOKMARK [2][-]{subsection.4.1.3}{Template fitting of K0 production reactions}{section.4.1}% 11
\BOOKMARK [1][-]{section.4.2}{Conversion spectra to cross sections}{chapter.4}% 12
\BOOKMARK [2][-]{subsection.4.2.1}{Acceptance correction}{section.4.2}% 13
\BOOKMARK [2][-]{subsection.4.2.2}{Conversion spectra to the cross section}{section.4.2}% 14
\BOOKMARK [1][-]{section.4.3}{Specra}{chapter.4}% 15
\BOOKMARK [2][-]{subsection.4.3.1}{Obtained spectra}{section.4.3}% 16
\BOOKMARK [2][-]{subsection.4.3.2}{Comparison with theoritical calculations}{section.4.3}% 17
\BOOKMARK [2][-]{subsection.4.3.3}{Decomposition of d\(K-, N\)"" spectra}{section.4.3}% 18
\BOOKMARK [2][-]{subsection.4.3.4}{Fit demonstration for contributions of I=0, I=1, and their interference term}{section.4.3}% 19
\BOOKMARK [0][-]{chapter.5}{Conclusion}{}% 20
\BOOKMARK [0][-]{appendix.A}{Appendix Title.1}{}% 21
\BOOKMARK [0][-]{appendix.B}{Appendix Title.2}{}% 22
